#
# A fatal error has been detected by the Java Runtime Environment:
#
#  EXCEPTION_ACCESS_VIOLATION (0xc0000005) at pc=0x0000000069347ce1, pid=13376, tid=0x0000000000000558
#
# JRE version: Java(TM) SE Runtime Environment (8.0_144-b01) (build 1.8.0_144-b01)
# Java VM: Java HotSpot(TM) 64-Bit Server VM (25.144-b01 mixed mode windows-amd64 compressed oops)
# Problematic frame:
# C  [sqlite-3.7.2-sqlitejdbc.dll+0x7ce1]
#
# Failed to write core dump. Minidumps are not enabled by default on client versions of Windows
#
# If you would like to submit a bug report, please visit:
#   http://bugreport.java.com/bugreport/crash.jsp
# The crash happened outside the Java Virtual Machine in native code.
# See problematic frame for where to report the bug.
#

---------------  T H R E A D  ---------------

Current thread (0x0000000016c06800):  JavaThread "AWT-EventQueue-0" [_thread_in_native, id=1368, stack(0x0000000017c90000,0x0000000017d90000)]

siginfo: ExceptionCode=0xc0000005, reading address 0x0000000000000000

Registers:
RAX=0x0000000000000000, RBX=0x0000000000000000, RCX=0x0000000000000000, RDX=0x0000000000000000
RSP=0x0000000017d8cf20, RBP=0x0000000017d8d080, RSI=0x0000000000000000, RDI=0x0000000000026918
R8 =0x000000006936a0b6, R9 =0x0000000000000000, R10=0x00000000029f848b, R11=0x000000007533bc50
R12=0x0000000000000000, R13=0x0000000000000000, R14=0x000000006936a0b6, R15=0x0000000016c06800
RIP=0x0000000069347ce1, EFLAGS=0x0000000000010202

Top of Stack: (sp=0x0000000017d8cf20)
0x0000000017d8cf20:   0000000017d8d100 0000000017d8d0a0
0x0000000017d8cf30:   000000010013f678 000000010013fa20
0x0000000017d8cf40:   0000000000000000 0000000016c069f8
0x0000000017d8cf50:   0000000000026918 0000000017d8d080
0x0000000017d8cf60:   0000000000000000 000000001956f258
0x0000000017d8cf70:   0000000017d8d0b8 0000000069347da5
0x0000000017d8cf80:   00000000195c8b88 0000000016c06800
0x0000000017d8cf90:   0000000016be4aa0 00000000751ca404
0x0000000017d8cfa0:   00000000195cbae8 00000000693423f8
0x0000000017d8cfb0:   00000000150151d8 00000000195c8b60
0x0000000017d8cfc0:   00000000000000b6 00000000195c8b88
0x0000000017d8cfd0:   0000000016c06800 000000001956f258
0x0000000017d8cfe0:   0000000014650468 00000000029f84b7
0x0000000017d8cff0:   0000000100141540 0000000016c06800
0x0000000017d8d000:   00000000195c31a8 00000000195c8b88
0x0000000017d8d010:   0000000016c06800 00000000195c31a8 

Instructions: (pc=0x0000000069347ce1)
0x0000000069347cc1:   30 48 89 6c 24 38 4c 89 64 24 40 4c 89 6c 24 48
0x0000000069347cd1:   4c 89 74 24 50 48 89 cb 89 d6 4d 89 c6 45 89 cd
0x0000000069347ce1:   48 8b 39 e8 91 ff ff ff 41 89 c4 39 c6 0f 9c c2
0x0000000069347cf1:   89 f0 f7 d0 c1 e8 1f bd 00 00 00 00 84 c2 74 48 


Register to memory mapping:

RAX=0x0000000000000000 is an unknown value
RBX=0x0000000000000000 is an unknown value
RCX=0x0000000000000000 is an unknown value
RDX=0x0000000000000000 is an unknown value
RSP=0x0000000017d8cf20 is pointing into the stack for thread: 0x0000000016c06800
RBP=0x0000000017d8d080 is pointing into the stack for thread: 0x0000000016c06800
RSI=0x0000000000000000 is an unknown value
RDI=0x0000000000026918 is an unknown value
R8 =0x000000006936a0b6 is an unknown value
R9 =0x0000000000000000 is an unknown value
R10=0x00000000029f848b is at code_begin+1227 in an Interpreter codelet
method entry point (kind = native_synchronized)  [0x00000000029f7fc0, 0x00000000029f8aa0]  2784 bytes
R11=0x000000007533bc50 is an unknown value
R12=0x0000000000000000 is an unknown value
R13=0x0000000000000000 is an unknown value
R14=0x000000006936a0b6 is an unknown value
R15=0x0000000016c06800 is a thread


Stack: [0x0000000017c90000,0x0000000017d90000],  sp=0x0000000017d8cf20,  free space=1011k
Native frames: (J=compiled Java code, j=interpreted, Vv=VM code, C=native code)
C  [sqlite-3.7.2-sqlitejdbc.dll+0x7ce1]

Java frames: (J=compiled Java code, j=interpreted, Vv=VM code)
j  org.sqlite.NativeDB.column_name(JI)Ljava/lang/String;+0
j  org.sqlite.RS.getColumnName(I)Ljava/lang/String;+16
j  org.sqlite.RS.getColumnLabel(I)Ljava/lang/String;+2
j  net.proteanit.sql.DbUtils.resultSetToTableModel(Ljava/sql/ResultSet;)Ljavax/swing/table/TableModel;+37
j  Olymp.Form$2.actionPerformed(Ljava/awt/event/ActionEvent;)V+12
j  javax.swing.AbstractButton.fireActionPerformed(Ljava/awt/event/ActionEvent;)V+83
j  javax.swing.AbstractButton$Handler.actionPerformed(Ljava/awt/event/ActionEvent;)V+5
j  javax.swing.DefaultButtonModel.fireActionPerformed(Ljava/awt/event/ActionEvent;)V+34
j  javax.swing.DefaultButtonModel.setPressed(Z)V+117
j  javax.swing.plaf.basic.BasicButtonListener.mouseReleased(Ljava/awt/event/MouseEvent;)V+35
j  java.awt.Component.processMouseEvent(Ljava/awt/event/MouseEvent;)V+64
j  javax.swing.JComponent.processMouseEvent(Ljava/awt/event/MouseEvent;)V+23
j  java.awt.Component.processEvent(Ljava/awt/AWTEvent;)V+81
j  java.awt.Container.processEvent(Ljava/awt/AWTEvent;)V+18
j  java.awt.Component.dispatchEventImpl(Ljava/awt/AWTEvent;)V+589
j  java.awt.Container.dispatchEventImpl(Ljava/awt/AWTEvent;)V+42
j  java.awt.Component.dispatchEvent(Ljava/awt/AWTEvent;)V+2
j  java.awt.LightweightDispatcher.retargetMouseEvent(Ljava/awt/Component;ILjava/awt/event/MouseEvent;)V+327
j  java.awt.LightweightDispatcher.processMouseEvent(Ljava/awt/event/MouseEvent;)Z+155
j  java.awt.LightweightDispatcher.dispatchEvent(Ljava/awt/AWTEvent;)Z+50
j  java.awt.Container.dispatchEventImpl(Ljava/awt/AWTEvent;)V+12
j  java.awt.Window.dispatchEventImpl(Ljava/awt/AWTEvent;)V+19
j  java.awt.Component.dispatchEvent(Ljava/awt/AWTEvent;)V+2
j  java.awt.EventQueue.dispatchEventImpl(Ljava/awt/AWTEvent;Ljava/lang/Object;)V+41
j  java.awt.EventQueue.access$500(Ljava/awt/EventQueue;Ljava/awt/AWTEvent;Ljava/lang/Object;)V+3
j  java.awt.EventQueue$3.run()Ljava/lang/Void;+32
j  java.awt.EventQueue$3.run()Ljava/lang/Object;+1
v  ~StubRoutines::call_stub
j  java.security.AccessController.doPrivileged(Ljava/security/PrivilegedAction;Ljava/security/AccessControlContext;)Ljava/lang/Object;+0
j  java.security.ProtectionDomain$JavaSecurityAccessImpl.doIntersectionPrivilege(Ljava/security/PrivilegedAction;Ljava/security/AccessControlContext;Ljava/security/AccessControlContext;)Ljava/lang/Object;+18
j  java.security.ProtectionDomain$JavaSecurityAccessImpl.doIntersectionPrivilege(Ljava/security/PrivilegedAction;Ljava/security/AccessControlContext;)Ljava/lang/Object;+6
j  java.awt.EventQueue$4.run()Ljava/lang/Void;+11
j  java.awt.EventQueue$4.run()Ljava/lang/Object;+1
v  ~StubRoutines::call_stub
j  java.security.AccessController.doPrivileged(Ljava/security/PrivilegedAction;Ljava/security/AccessControlContext;)Ljava/lang/Object;+0
j  java.security.ProtectionDomain$JavaSecurityAccessImpl.doIntersectionPrivilege(Ljava/security/PrivilegedAction;Ljava/security/AccessControlContext;Ljava/security/AccessControlContext;)Ljava/lang/Object;+18
j  java.awt.EventQueue.dispatchEvent(Ljava/awt/AWTEvent;)V+73
j  java.awt.EventDispatchThread.pumpOneEventForFilters(I)V+245
j  java.awt.EventDispatchThread.pumpEventsForFilter(ILjava/awt/Conditional;Ljava/awt/EventFilter;)V+35
j  java.awt.EventDispatchThread.pumpEventsForHierarchy(ILjava/awt/Conditional;Ljava/awt/Component;)V+11
j  java.awt.EventDispatchThread.pumpEvents(ILjava/awt/Conditional;)V+4
j  java.awt.EventDispatchThread.pumpEvents(Ljava/awt/Conditional;)V+3
j  java.awt.EventDispatchThread.run()V+9
v  ~StubRoutines::call_stub

---------------  P R O C E S S  ---------------

Java Threads: ( => current thread )
  0x0000000017140000 JavaThread "TimerQueue" daemon [_thread_blocked, id=13236, stack(0x0000000019400000,0x0000000019500000)]
  0x000000000278d800 JavaThread "DestroyJavaVM" [_thread_blocked, id=13240, stack(0x00000000027e0000,0x00000000028e0000)]
=>0x0000000016c06800 JavaThread "AWT-EventQueue-0" [_thread_in_native, id=1368, stack(0x0000000017c90000,0x0000000017d90000)]
  0x0000000016c02800 JavaThread "AWT-Windows" daemon [_thread_in_native, id=13560, stack(0x0000000017a70000,0x0000000017b70000)]
  0x0000000016bfe800 JavaThread "AWT-Shutdown" [_thread_blocked, id=4780, stack(0x0000000017970000,0x0000000017a70000)]
  0x00000000170b3800 JavaThread "Java2D Disposer" daemon [_thread_blocked, id=8040, stack(0x0000000017870000,0x0000000017970000)]
  0x000000001504e800 JavaThread "Service Thread" daemon [_thread_blocked, id=13440, stack(0x0000000016d30000,0x0000000016e30000)]
  0x0000000016838800 JavaThread "C1 CompilerThread2" daemon [_thread_blocked, id=13968, stack(0x0000000016c30000,0x0000000016d30000)]
  0x0000000014ff8800 JavaThread "C2 CompilerThread1" daemon [_thread_blocked, id=7940, stack(0x0000000016730000,0x0000000016830000)]
  0x0000000014fef000 JavaThread "C2 CompilerThread0" daemon [_thread_blocked, id=13340, stack(0x0000000016630000,0x0000000016730000)]
  0x0000000014fed800 JavaThread "Attach Listener" daemon [_thread_blocked, id=14140, stack(0x0000000016530000,0x0000000016630000)]
  0x0000000014fec000 JavaThread "Signal Dispatcher" daemon [_thread_blocked, id=14052, stack(0x0000000016430000,0x0000000016530000)]
  0x00000000029da800 JavaThread "Finalizer" daemon [_thread_blocked, id=13948, stack(0x0000000016240000,0x0000000016340000)]
  0x0000000014fb9000 JavaThread "Reference Handler" daemon [_thread_blocked, id=5496, stack(0x0000000016140000,0x0000000016240000)]

Other Threads:
  0x0000000014fb7800 VMThread [stack: 0x0000000016040000,0x0000000016140000] [id=13776]
  0x0000000016854000 WatcherThread [stack: 0x0000000016f70000,0x0000000017070000] [id=10416]

VM state:not at safepoint (normal execution)

VM Mutex/Monitor currently owned by a thread: None

Heap:
 PSYoungGen      total 18944K, used 6794K [0x00000000eb180000, 0x00000000ec680000, 0x0000000100000000)
  eden space 16384K, 41% used [0x00000000eb180000,0x00000000eb822aa8,0x00000000ec180000)
  from space 2560K, 0% used [0x00000000ec400000,0x00000000ec400000,0x00000000ec680000)
  to   space 2560K, 0% used [0x00000000ec180000,0x00000000ec180000,0x00000000ec400000)
 ParOldGen       total 44032K, used 0K [0x00000000c1400000, 0x00000000c3f00000, 0x00000000eb180000)
  object space 44032K, 0% used [0x00000000c1400000,0x00000000c1400000,0x00000000c3f00000)
 Metaspace       used 10185K, capacity 10322K, committed 10624K, reserved 1058816K
  class space    used 1261K, capacity 1334K, committed 1408K, reserved 1048576K

Card table byte_map: [0x0000000011da0000,0x0000000011fa0000] byte_map_base: 0x0000000011796000

Marking Bits: (ParMarkBitMap*) 0x000000007592d850
 Begin Bits: [0x00000000124f0000, 0x00000000134a0000)
 End Bits:   [0x00000000134a0000, 0x0000000014450000)

Polling page: 0x00000000010b0000

CodeCache: size=245760Kb used=2142Kb max_used=2152Kb free=243617Kb
 bounds [0x00000000029e0000, 0x0000000002c50000, 0x00000000119e0000]
 total_blobs=967 nmethods=510 adapters=371
 compilation: enabled

Compilation events (10 events):
Event: 3.216 Thread 0x0000000014fef000 nmethod 506 0x0000000002bf9250 code [0x0000000002bf93c0, 0x0000000002bf97c8]
Event: 3.216 Thread 0x0000000014fef000  507 % !   4       org.sqlite.SQLiteJDBCLoader::md5sum @ 25 (104 bytes)
Event: 3.225 Thread 0x0000000014fef000 nmethod 507% 0x0000000002bf9b90 code [0x0000000002bf9d60, 0x0000000002bfa110]
Event: 3.225 Thread 0x0000000014fef000  508   !   4       org.sqlite.SQLiteJDBCLoader::md5sum (104 bytes)
Event: 3.226 Thread 0x0000000014ff8800 nmethod 503 0x0000000002bf8350 code [0x0000000002bf84a0, 0x0000000002bf90e8]
Event: 3.238 Thread 0x0000000014fef000 nmethod 508 0x0000000002bf76d0 code [0x0000000002bf78c0, 0x0000000002bf7e30]
Event: 3.239 Thread 0x0000000014ff8800  509       4       java.io.BufferedInputStream::getBufIfOpen (21 bytes)
Event: 3.240 Thread 0x0000000014ff8800 nmethod 509 0x0000000002bf40d0 code [0x0000000002bf4200, 0x0000000002bf4278]
Event: 3.290 Thread 0x0000000016838800  510       1       java.util.zip.ZipFile::access$000 (5 bytes)
Event: 3.290 Thread 0x0000000016838800 nmethod 510 0x0000000002be6890 code [0x0000000002be69e0, 0x0000000002be6ad0]

GC Heap History (0 events):
No events

Deoptimization events (4 events):
Event: 3.156 Thread 0x0000000016c06800 Uncommon trap: reason=unstable_if action=reinterpret pc=0x0000000002be3ed4 method=java.io.BufferedInputStream.read()I @ 8
Event: 3.205 Thread 0x0000000016c06800 Uncommon trap: reason=unstable_if action=reinterpret pc=0x0000000002bf5060 method=java.security.DigestInputStream.read()I @ 17
Event: 3.207 Thread 0x0000000016c06800 Uncommon trap: reason=unstable_if action=reinterpret pc=0x0000000002be4b60 method=sun.security.provider.DigestBase.engineUpdate(B)V @ 4
Event: 3.249 Thread 0x0000000016c06800 Uncommon trap: reason=unstable_if action=reinterpret pc=0x0000000002bf6648 method=java.security.DigestInputStream.read()I @ 17

Internal exceptions (10 events):
Event: 0.404 Thread 0x000000000278d800 Exception <a 'java/io/FileNotFoundException'> (0x00000000eb1df158) thrown at [C:\re\workspace\8-2-build-windows-amd64-cygwin\jdk8u144\9417\hotspot\src\share\vm\prims\jni.cpp, line 709]
Event: 0.511 Thread 0x000000000278d800 Exception <a 'java/security/PrivilegedActionException'> (0x00000000eb20ccd8) thrown at [C:\re\workspace\8-2-build-windows-amd64-cygwin\jdk8u144\9417\hotspot\src\share\vm\prims\jvm.cpp, line 1390]
Event: 0.511 Thread 0x000000000278d800 Exception <a 'java/security/PrivilegedActionException'> (0x00000000eb20cee8) thrown at [C:\re\workspace\8-2-build-windows-amd64-cygwin\jdk8u144\9417\hotspot\src\share\vm\prims\jvm.cpp, line 1390]
Event: 0.515 Thread 0x000000000278d800 Exception <a 'java/security/PrivilegedActionException'> (0x00000000eb210b58) thrown at [C:\re\workspace\8-2-build-windows-amd64-cygwin\jdk8u144\9417\hotspot\src\share\vm\prims\jvm.cpp, line 1390]
Event: 0.515 Thread 0x000000000278d800 Exception <a 'java/security/PrivilegedActionException'> (0x00000000eb210d68) thrown at [C:\re\workspace\8-2-build-windows-amd64-cygwin\jdk8u144\9417\hotspot\src\share\vm\prims\jvm.cpp, line 1390]
Event: 0.550 Thread 0x000000000278d800 Exception <a 'java/io/FileNotFoundException'> (0x00000000eb27b710) thrown at [C:\re\workspace\8-2-build-windows-amd64-cygwin\jdk8u144\9417\hotspot\src\share\vm\prims\jni.cpp, line 709]
Event: 0.676 Thread 0x000000000278d800 Exception <a 'java/lang/NoSuchFieldError': method resolution failed> (0x00000000eb348cf8) thrown at [C:\re\workspace\8-2-build-windows-amd64-cygwin\jdk8u144\9417\hotspot\src\share\vm\prims\methodHandles.cpp, line 1146]
Event: 0.681 Thread 0x000000000278d800 Exception <a 'java/lang/NoSuchFieldError': method resolution failed> (0x00000000eb3560c8) thrown at [C:\re\workspace\8-2-build-windows-amd64-cygwin\jdk8u144\9417\hotspot\src\share\vm\prims\methodHandles.cpp, line 1146]
Event: 0.875 Thread 0x0000000016c06800 Exception <a 'java/io/FileNotFoundException'> (0x00000000eb46fe60) thrown at [C:\re\workspace\8-2-build-windows-amd64-cygwin\jdk8u144\9417\hotspot\src\share\vm\prims\jni.cpp, line 709]
Event: 3.207 Thread 0x0000000016c06800 Implicit null exception at 0x0000000002be488a to 0x0000000002be4b4d

Events (10 events):
Event: 3.279 loading class org/sqlite/RS
Event: 3.279 loading class org/sqlite/RS done
Event: 3.280 loading class java/sql/ResultSetMetaData
Event: 3.281 loading class java/sql/ResultSetMetaData done
Event: 3.283 loading class java/io/StringReader
Event: 3.283 loading class java/io/StringReader done
Event: 3.285 loading class java/util/Hashtable$KeySet
Event: 3.285 loading class java/util/Hashtable$KeySet done
Event: 3.288 loading class net/proteanit/sql/DbUtils
Event: 3.288 loading class net/proteanit/sql/DbUtils done


Dynamic libraries:
0x00007ff600900000 - 0x00007ff600937000 	C:\Program Files\Java\jre1.8.0_144\bin\javaw.exe
0x00007ffcd47c0000 - 0x00007ffcd499b000 	C:\WINDOWS\SYSTEM32\ntdll.dll
0x00007ffca3740000 - 0x00007ffca3774000 	C:\Program Files\AVAST Software\Avast\x64\aswhooka.dll
0x00007ffcd1d20000 - 0x00007ffcd1dce000 	C:\WINDOWS\System32\KERNEL32.DLL
0x00007ffcd19c0000 - 0x00007ffcd1c09000 	C:\WINDOWS\System32\KERNELBASE.dll
0x00007ffcd1dd0000 - 0x00007ffcd1e71000 	C:\WINDOWS\System32\ADVAPI32.dll
0x00007ffcd2030000 - 0x00007ffcd20cd000 	C:\WINDOWS\System32\msvcrt.dll
0x00007ffcd4760000 - 0x00007ffcd47b9000 	C:\WINDOWS\System32\sechost.dll
0x00007ffcd2930000 - 0x00007ffcd2a55000 	C:\WINDOWS\System32\RPCRT4.dll
0x00007ffcd2e90000 - 0x00007ffcd2fda000 	C:\WINDOWS\System32\USER32.dll
0x00007ffcd0ce0000 - 0x00007ffcd0cfe000 	C:\WINDOWS\System32\win32u.dll
0x00007ffcd4490000 - 0x00007ffcd44b7000 	C:\WINDOWS\System32\GDI32.dll
0x00007ffcd17e0000 - 0x00007ffcd1967000 	C:\WINDOWS\System32\gdi32full.dll
0x00007ffcd1c10000 - 0x00007ffcd1caa000 	C:\WINDOWS\System32\msvcp_win.dll
0x00007ffcd0d00000 - 0x00007ffcd0df6000 	C:\WINDOWS\System32\ucrtbase.dll
0x00007ffcc67f0000 - 0x00007ffcc6a57000 	C:\WINDOWS\WinSxS\amd64_microsoft.windows.common-controls_6595b64144ccf1df_6.0.15063.483_none_26002d27e7c744a2\COMCTL32.dll
0x00007ffcd2a70000 - 0x00007ffcd2d69000 	C:\WINDOWS\System32\combase.dll
0x00007ffcd1cb0000 - 0x00007ffcd1d1a000 	C:\WINDOWS\System32\bcryptPrimitives.dll
0x00007ffcd4730000 - 0x00007ffcd475d000 	C:\WINDOWS\System32\IMM32.DLL
0x0000000074d10000 - 0x0000000074de2000 	C:\Program Files\Java\jre1.8.0_144\bin\msvcr100.dll
0x0000000075110000 - 0x00000000759ad000 	C:\Program Files\Java\jre1.8.0_144\bin\server\jvm.dll
0x00007ffcd2a60000 - 0x00007ffcd2a68000 	C:\WINDOWS\System32\PSAPI.DLL
0x00007ffcc0b20000 - 0x00007ffcc0b29000 	C:\WINDOWS\SYSTEM32\WSOCK32.dll
0x00007ffcd20d0000 - 0x00007ffcd213c000 	C:\WINDOWS\System32\WS2_32.dll
0x00007ffccef10000 - 0x00007ffccef33000 	C:\WINDOWS\SYSTEM32\WINMM.dll
0x00007ffcc1a10000 - 0x00007ffcc1a1a000 	C:\WINDOWS\SYSTEM32\VERSION.dll
0x00007ffcceee0000 - 0x00007ffccef0b000 	C:\WINDOWS\SYSTEM32\WINMMBASE.dll
0x00007ffcd1970000 - 0x00007ffcd19b9000 	C:\WINDOWS\System32\cfgmgr32.dll
0x0000000076f00000 - 0x0000000076f0f000 	C:\Program Files\Java\jre1.8.0_144\bin\verify.dll
0x0000000076cd0000 - 0x0000000076cf9000 	C:\Program Files\Java\jre1.8.0_144\bin\java.dll
0x0000000076cb0000 - 0x0000000076cc6000 	C:\Program Files\Java\jre1.8.0_144\bin\zip.dll
0x00007ffcd3040000 - 0x00007ffcd4477000 	C:\WINDOWS\System32\SHELL32.dll
0x00007ffcd44c0000 - 0x00007ffcd456a000 	C:\WINDOWS\System32\shcore.dll
0x00007ffcd0e00000 - 0x00007ffcd14f1000 	C:\WINDOWS\System32\windows.storage.dll
0x00007ffcd2590000 - 0x00007ffcd25e1000 	C:\WINDOWS\System32\shlwapi.dll
0x00007ffcd0c50000 - 0x00007ffcd0c61000 	C:\WINDOWS\System32\kernel.appcore.dll
0x00007ffcd0c70000 - 0x00007ffcd0cbc000 	C:\WINDOWS\System32\powrprof.dll
0x00007ffcd0cc0000 - 0x00007ffcd0cd5000 	C:\WINDOWS\System32\profapi.dll
0x00000000745c0000 - 0x0000000074758000 	C:\Program Files\Java\jre1.8.0_144\bin\awt.dll
0x00007ffcd2d70000 - 0x00007ffcd2e30000 	C:\WINDOWS\System32\OLEAUT32.dll
0x00007ffccf130000 - 0x00007ffccf1ae000 	C:\WINDOWS\SYSTEM32\apphelp.dll
0x00007ffccf2c0000 - 0x00007ffccf355000 	C:\WINDOWS\system32\uxtheme.dll
0x00007ffcd27c0000 - 0x00007ffcd2926000 	C:\WINDOWS\System32\MSCTF.dll
0x00007ffcb9a80000 - 0x00007ffcb9b21000 	C:\Program Files\Common Files\microsoft shared\ink\tiptsf.dll
0x00007ffccea60000 - 0x00007ffccea8a000 	C:\WINDOWS\system32\dwmapi.dll
0x00007ffcd25f0000 - 0x00007ffcd2735000 	C:\WINDOWS\System32\ole32.dll
0x00007ffcc5500000 - 0x00007ffcc5621000 	C:\WINDOWS\system32\opengl32.dll
0x00007ffcc96b0000 - 0x00007ffcc96dc000 	C:\WINDOWS\SYSTEM32\GLU32.dll
0x0000000075ce0000 - 0x0000000075d27000 	C:\Program Files\Java\jre1.8.0_144\bin\fontmanager.dll
0x00007ffcc8fd0000 - 0x00007ffcc9052000 	C:\WINDOWS\System32\TextInputFramework.dll
0x00007ffccbb50000 - 0x00007ffccbe22000 	C:\WINDOWS\System32\CoreUIComponents.dll
0x00007ffcce220000 - 0x00007ffcce303000 	C:\WINDOWS\System32\CoreMessaging.dll
0x00007ffccfc90000 - 0x00007ffccfcc1000 	C:\WINDOWS\SYSTEM32\ntmarta.dll
0x00007ffccd070000 - 0x00007ffccd1a9000 	C:\WINDOWS\SYSTEM32\wintypes.dll
0x00007ffccd670000 - 0x00007ffccd685000 	C:\WINDOWS\SYSTEM32\usermgrcli.dll
0x00007ffcd1e80000 - 0x00007ffcd1f1e000 	C:\WINDOWS\System32\clbcatq.dll
0x00007ffcad8e0000 - 0x00007ffcadaa5000 	C:\Windows\System32\uiautomationcore.dll
0x00007ffcd0a90000 - 0x00007ffcd0b2a000 	C:\WINDOWS\SYSTEM32\sxs.dll
0x00007ffcb9450000 - 0x00007ffcb94bb000 	C:\Windows\System32\OLEACC.dll
0x00007ffcb9e60000 - 0x00007ffcb9ee2000 	C:\WINDOWS\SYSTEM32\twinapi.dll
0x00007ffccf5a0000 - 0x00007ffccf710000 	C:\WINDOWS\SYSTEM32\twinapi.appcore.dll
0x00007ffcd0a60000 - 0x00007ffcd0a85000 	C:\WINDOWS\SYSTEM32\bcrypt.dll
0x0000000076c90000 - 0x0000000076caa000 	C:\Program Files\Java\jre1.8.0_144\bin\net.dll
0x00007ffcd04e0000 - 0x00007ffcd053c000 	C:\WINDOWS\system32\mswsock.dll
0x0000000076c70000 - 0x0000000076c81000 	C:\Program Files\Java\jre1.8.0_144\bin\nio.dll
0x0000000075c90000 - 0x0000000075cd2000 	C:\Program Files\Java\jre1.8.0_144\bin\t2k.dll
0x0000000069340000 - 0x00000000693c5000 	C:\Users\комп\AppData\Local\Temp\sqlite-3.7.2-sqlitejdbc.dll
0x00007ffcc5fd0000 - 0x00007ffcc6179000 	C:\WINDOWS\SYSTEM32\dbghelp.dll

VM Arguments:
jvm_args: -Dfile.encoding=Cp1251 
java_command: Olymp.Form
java_class_path (initial): C:\Users\комп\workspace\Olymp\bin;C:\Users\комп\Downloads\sqlite-jdbc-3.7.2.jar;C:\Users\комп\Downloads\rs2xml.jar
Launcher Type: SUN_STANDARD

Environment Variables:
PATH=C:/Program Files/Java/jre1.8.0_144/bin/server;C:/Program Files/Java/jre1.8.0_144/bin;C:/Program Files/Java/jre1.8.0_144/lib/amd64;C:\ProgramData\Oracle\Java\javapath;C:\Python34\Lib\site-packages\PyQt5;C:\Python34\;C:\Python34\Scripts;C:\Program Files (x86)\ActiveState Komodo Edit 8\;C:\PROGRA~2\Borland\CBUILD~1\Bin;C:\PROGRA~2\Borland\CBUILD~1\Projects\Bpl;C:\Program Files (x86)\Intel\TXE Components\TCS\;C:\Program Files\Intel\TXE Components\TCS\;C:\Windows\system32;C:\Windows;C:\Windows\System32\Wbem;C:\Windows\System32\WindowsPowerShell\v1.0\;C:\Program Files\Intel\TXE Components\DAL\;C:\Program Files (x86)\Intel\TXE Components\DAL\;C:\Program Files\Intel\TXE Components\IPT\;C:\Program Files (x86)\Intel\TXE Components\IPT\;C:\Program Files (x86)\NVIDIA Corporation\PhysX\Common;C:\WINDOWS\system32;C:\WINDOWS;C:\WINDOWS\System32\Wbem;C:\WINDOWS\System32\WindowsPowerShell\v1.0\;C:\WINDOWS\system32\config\systemprofile\.dnx\bin;C:\Program Files\Microsoft DNX\Dnvm\;C:\Program Files\Microsoft SQL Server\130\Tools\Binn\;C:\Program Files (x86)\GtkSharp\2.12\bin;C:\Program Files (x86)\Brackets\command;C:\Program Files (x86)\Skype\Phone\;C:\Program Files\dotnet\;C:\Program Files\Git\cmd;C:\Program Files\MySQL\MySQL Utilities 1.6\;C:\Program Files\TortoiseSVN\bin;C:\Users\комп\Miniconda3;C:\Users\комп\Miniconda3\Scripts;C:\Users\комп\Miniconda3\Library\bin;C:\Users\комп\AppData\Local\Programs\Python\Python35-32\Scripts\;C:\Users\комп\AppData\Local\Programs\Python\Python35-32\;C:\Users\комп\AppData\Local\Microsoft\WindowsApps;;C:\Program Files\Docker Toolbox;C:\Users\комп\Downloads\eclipse;
USERNAME=комп
OS=Windows_NT
PROCESSOR_IDENTIFIER=Intel64 Family 6 Model 76 Stepping 3, GenuineIntel



---------------  S Y S T E M  ---------------

OS: Windows 10.0 , 64 bit Build 15063 (10.0.15063.296)

CPU:total 4 (initial active 4) (4 cores per cpu, 1 threads per core) family 6 model 76 stepping 3, cmov, cx8, fxsr, mmx, sse, sse2, sse3, ssse3, sse4.1, sse4.2, popcnt, aes, clmul, erms, 3dnowpref, tsc, tscinvbit

Memory: 4k page, physical 4105992k(898216k free), swap 8824584k(3344440k free)

vm_info: Java HotSpot(TM) 64-Bit Server VM (25.144-b01) for windows-amd64 JRE (1.8.0_144-b01), built on Jul 21 2017 21:57:33 by "java_re" with MS VC++ 10.0 (VS2010)

time: Fri Dec 22 09:19:02 2017
elapsed time: 3 seconds (0d 0h 0m 3s)

