#
# A fatal error has been detected by the Java Runtime Environment:
#
#  EXCEPTION_ACCESS_VIOLATION (0xc0000005) at pc=0x0000000069347ce1, pid=7232, tid=0x00000000000056dc
#
# JRE version: Java(TM) SE Runtime Environment (8.0_144-b01) (build 1.8.0_144-b01)
# Java VM: Java HotSpot(TM) 64-Bit Server VM (25.144-b01 mixed mode windows-amd64 compressed oops)
# Problematic frame:
# C  [sqlite-3.7.2-sqlitejdbc.dll+0x7ce1]
#
# Failed to write core dump. Minidumps are not enabled by default on client versions of Windows
#
# If you would like to submit a bug report, please visit:
#   http://bugreport.java.com/bugreport/crash.jsp
# The crash happened outside the Java Virtual Machine in native code.
# See problematic frame for where to report the bug.
#

---------------  T H R E A D  ---------------

Current thread (0x0000000017167800):  JavaThread "AWT-EventQueue-0" [_thread_in_native, id=22236, stack(0x0000000018110000,0x0000000018210000)]

siginfo: ExceptionCode=0xc0000005, reading address 0x0000000000000000

Registers:
RAX=0x0000000000000000, RBX=0x0000000000000000, RCX=0x0000000000000000, RDX=0x0000000000000000
RSP=0x000000001820cba0, RBP=0x000000001820cd00, RSI=0x0000000000000000, RDI=0x0000000000026e88
R8 =0x000000006936a0b6, R9 =0x0000000000000000, R10=0x0000000002e5848b, R11=0x0000000075eebc50
R12=0x0000000000000000, R13=0x0000000000000000, R14=0x000000006936a0b6, R15=0x0000000017167800
RIP=0x0000000069347ce1, EFLAGS=0x0000000000010206

Top of Stack: (sp=0x000000001820cba0)
0x000000001820cba0:   000000001820cd80 000000001820cd20
0x000000001820cbb0:   0000000100147a78 0000000100147e20
0x000000001820cbc0:   0000000000000000 00000000171679f8
0x000000001820cbd0:   0000000000026e88 000000001820cd00
0x000000001820cbe0:   0000000000000000 00000000198ef258
0x000000001820cbf0:   000000001820cd38 0000000069347da5
0x000000001820cc00:   0000000019948b88 0000000017167800
0x000000001820cc10:   000000001714a4d0 0000000075d7a404
0x000000001820cc20:   000000001994bae8 00000000693423f8
0x000000001820cc30:   00000000154607a8 0000000019948b60
0x000000001820cc40:   00000000000000b6 0000000019948b88
0x000000001820cc50:   0000000017167800 00000000198ef258
0x000000001820cc60:   0000000014ab0468 0000000002e584b7
0x000000001820cc70:   0000000100149940 0000000017167800
0x000000001820cc80:   00000000199431a8 0000000019948b88
0x000000001820cc90:   0000000017167800 00000000199431a8 

Instructions: (pc=0x0000000069347ce1)
0x0000000069347cc1:   30 48 89 6c 24 38 4c 89 64 24 40 4c 89 6c 24 48
0x0000000069347cd1:   4c 89 74 24 50 48 89 cb 89 d6 4d 89 c6 45 89 cd
0x0000000069347ce1:   48 8b 39 e8 91 ff ff ff 41 89 c4 39 c6 0f 9c c2
0x0000000069347cf1:   89 f0 f7 d0 c1 e8 1f bd 00 00 00 00 84 c2 74 48 


Register to memory mapping:

RAX=0x0000000000000000 is an unknown value
RBX=0x0000000000000000 is an unknown value
RCX=0x0000000000000000 is an unknown value
RDX=0x0000000000000000 is an unknown value
RSP=0x000000001820cba0 is pointing into the stack for thread: 0x0000000017167800
RBP=0x000000001820cd00 is pointing into the stack for thread: 0x0000000017167800
RSI=0x0000000000000000 is an unknown value
RDI=0x0000000000026e88 is an unknown value
R8 =0x000000006936a0b6 is an unknown value
R9 =0x0000000000000000 is an unknown value
R10=0x0000000002e5848b is at code_begin+1227 in an Interpreter codelet
method entry point (kind = native_synchronized)  [0x0000000002e57fc0, 0x0000000002e58aa0]  2784 bytes
R11=0x0000000075eebc50 is an unknown value
R12=0x0000000000000000 is an unknown value
R13=0x0000000000000000 is an unknown value
R14=0x000000006936a0b6 is an unknown value
R15=0x0000000017167800 is a thread


Stack: [0x0000000018110000,0x0000000018210000],  sp=0x000000001820cba0,  free space=1010k
Native frames: (J=compiled Java code, j=interpreted, Vv=VM code, C=native code)
C  [sqlite-3.7.2-sqlitejdbc.dll+0x7ce1]

Java frames: (J=compiled Java code, j=interpreted, Vv=VM code)
j  org.sqlite.NativeDB.column_name(JI)Ljava/lang/String;+0
j  org.sqlite.RS.getColumnName(I)Ljava/lang/String;+16
j  org.sqlite.RS.getColumnLabel(I)Ljava/lang/String;+2
j  net.proteanit.sql.DbUtils.resultSetToTableModel(Ljava/sql/ResultSet;)Ljavax/swing/table/TableModel;+37
j  Olymp.Form$2.actionPerformed(Ljava/awt/event/ActionEvent;)V+12
j  javax.swing.AbstractButton.fireActionPerformed(Ljava/awt/event/ActionEvent;)V+83
j  javax.swing.AbstractButton$Handler.actionPerformed(Ljava/awt/event/ActionEvent;)V+5
j  javax.swing.DefaultButtonModel.fireActionPerformed(Ljava/awt/event/ActionEvent;)V+34
j  javax.swing.DefaultButtonModel.setPressed(Z)V+117
j  javax.swing.plaf.basic.BasicButtonListener.mouseReleased(Ljava/awt/event/MouseEvent;)V+35
j  java.awt.Component.processMouseEvent(Ljava/awt/event/MouseEvent;)V+64
j  javax.swing.JComponent.processMouseEvent(Ljava/awt/event/MouseEvent;)V+23
j  java.awt.Component.processEvent(Ljava/awt/AWTEvent;)V+81
j  java.awt.Container.processEvent(Ljava/awt/AWTEvent;)V+18
j  java.awt.Component.dispatchEventImpl(Ljava/awt/AWTEvent;)V+589
j  java.awt.Container.dispatchEventImpl(Ljava/awt/AWTEvent;)V+42
j  java.awt.Component.dispatchEvent(Ljava/awt/AWTEvent;)V+2
j  java.awt.LightweightDispatcher.retargetMouseEvent(Ljava/awt/Component;ILjava/awt/event/MouseEvent;)V+327
j  java.awt.LightweightDispatcher.processMouseEvent(Ljava/awt/event/MouseEvent;)Z+155
j  java.awt.LightweightDispatcher.dispatchEvent(Ljava/awt/AWTEvent;)Z+50
j  java.awt.Container.dispatchEventImpl(Ljava/awt/AWTEvent;)V+12
j  java.awt.Window.dispatchEventImpl(Ljava/awt/AWTEvent;)V+19
j  java.awt.Component.dispatchEvent(Ljava/awt/AWTEvent;)V+2
j  java.awt.EventQueue.dispatchEventImpl(Ljava/awt/AWTEvent;Ljava/lang/Object;)V+41
j  java.awt.EventQueue.access$500(Ljava/awt/EventQueue;Ljava/awt/AWTEvent;Ljava/lang/Object;)V+3
j  java.awt.EventQueue$3.run()Ljava/lang/Void;+32
j  java.awt.EventQueue$3.run()Ljava/lang/Object;+1
v  ~StubRoutines::call_stub
j  java.security.AccessController.doPrivileged(Ljava/security/PrivilegedAction;Ljava/security/AccessControlContext;)Ljava/lang/Object;+0
j  java.security.ProtectionDomain$JavaSecurityAccessImpl.doIntersectionPrivilege(Ljava/security/PrivilegedAction;Ljava/security/AccessControlContext;Ljava/security/AccessControlContext;)Ljava/lang/Object;+18
j  java.security.ProtectionDomain$JavaSecurityAccessImpl.doIntersectionPrivilege(Ljava/security/PrivilegedAction;Ljava/security/AccessControlContext;)Ljava/lang/Object;+6
j  java.awt.EventQueue$4.run()Ljava/lang/Void;+11
j  java.awt.EventQueue$4.run()Ljava/lang/Object;+1
v  ~StubRoutines::call_stub
j  java.security.AccessController.doPrivileged(Ljava/security/PrivilegedAction;Ljava/security/AccessControlContext;)Ljava/lang/Object;+0
j  java.security.ProtectionDomain$JavaSecurityAccessImpl.doIntersectionPrivilege(Ljava/security/PrivilegedAction;Ljava/security/AccessControlContext;Ljava/security/AccessControlContext;)Ljava/lang/Object;+18
j  java.awt.EventQueue.dispatchEvent(Ljava/awt/AWTEvent;)V+73
j  java.awt.EventDispatchThread.pumpOneEventForFilters(I)V+245
j  java.awt.EventDispatchThread.pumpEventsForFilter(ILjava/awt/Conditional;Ljava/awt/EventFilter;)V+35
j  java.awt.EventDispatchThread.pumpEventsForHierarchy(ILjava/awt/Conditional;Ljava/awt/Component;)V+11
j  java.awt.EventDispatchThread.pumpEvents(ILjava/awt/Conditional;)V+4
j  java.awt.EventDispatchThread.pumpEvents(Ljava/awt/Conditional;)V+3
j  java.awt.EventDispatchThread.run()V+9
v  ~StubRoutines::call_stub

---------------  P R O C E S S  ---------------

Java Threads: ( => current thread )
  0x0000000002c3d800 JavaThread "DestroyJavaVM" [_thread_blocked, id=12208, stack(0x0000000002c40000,0x0000000002d40000)]
=>0x0000000017167800 JavaThread "AWT-EventQueue-0" [_thread_in_native, id=22236, stack(0x0000000018110000,0x0000000018210000)]
  0x0000000017160800 JavaThread "AWT-Windows" daemon [_thread_in_native, id=19556, stack(0x0000000017ed0000,0x0000000017fd0000)]
  0x000000001715b800 JavaThread "AWT-Shutdown" [_thread_blocked, id=16456, stack(0x0000000017dd0000,0x0000000017ed0000)]
  0x000000001715b000 JavaThread "Java2D Disposer" daemon [_thread_blocked, id=1636, stack(0x0000000017cd0000,0x0000000017dd0000)]
  0x0000000016dba000 JavaThread "Service Thread" daemon [_thread_blocked, id=11836, stack(0x0000000017190000,0x0000000017290000)]
  0x000000001546b800 JavaThread "C1 CompilerThread2" daemon [_thread_blocked, id=3776, stack(0x0000000016c90000,0x0000000016d90000)]
  0x0000000015453000 JavaThread "C2 CompilerThread1" daemon [_thread_blocked, id=21148, stack(0x0000000016b90000,0x0000000016c90000)]
  0x000000001544f000 JavaThread "C2 CompilerThread0" daemon [_thread_blocked, id=15432, stack(0x0000000016a90000,0x0000000016b90000)]
  0x000000001544d800 JavaThread "Attach Listener" daemon [_thread_blocked, id=23164, stack(0x0000000016990000,0x0000000016a90000)]
  0x000000001544c000 JavaThread "Signal Dispatcher" daemon [_thread_blocked, id=29728, stack(0x0000000016890000,0x0000000016990000)]
  0x0000000002e3a800 JavaThread "Finalizer" daemon [_thread_blocked, id=14604, stack(0x00000000166a0000,0x00000000167a0000)]
  0x0000000002e2f800 JavaThread "Reference Handler" daemon [_thread_blocked, id=14648, stack(0x00000000165a0000,0x00000000166a0000)]

Other Threads:
  0x0000000015418800 VMThread [stack: 0x00000000164a0000,0x00000000165a0000] [id=24624]
  0x0000000016dbe000 WatcherThread [stack: 0x00000000173d0000,0x00000000174d0000] [id=18316]

VM state:not at safepoint (normal execution)

VM Mutex/Monitor currently owned by a thread: None

Heap:
 PSYoungGen      total 18944K, used 6380K [0x00000000eb180000, 0x00000000ec680000, 0x0000000100000000)
  eden space 16384K, 38% used [0x00000000eb180000,0x00000000eb7bb1b8,0x00000000ec180000)
  from space 2560K, 0% used [0x00000000ec400000,0x00000000ec400000,0x00000000ec680000)
  to   space 2560K, 0% used [0x00000000ec180000,0x00000000ec180000,0x00000000ec400000)
 ParOldGen       total 44032K, used 0K [0x00000000c1400000, 0x00000000c3f00000, 0x00000000eb180000)
  object space 44032K, 0% used [0x00000000c1400000,0x00000000c1400000,0x00000000c3f00000)
 Metaspace       used 10343K, capacity 10492K, committed 10624K, reserved 1058816K
  class space    used 1294K, capacity 1367K, committed 1408K, reserved 1048576K

Card table byte_map: [0x0000000012200000,0x0000000012400000] byte_map_base: 0x0000000011bf6000

Marking Bits: (ParMarkBitMap*) 0x00000000764dd850
 Begin Bits: [0x0000000012950000, 0x0000000013900000)
 End Bits:   [0x0000000013900000, 0x00000000148b0000)

Polling page: 0x0000000001310000

CodeCache: size=245760Kb used=2169Kb max_used=2174Kb free=243591Kb
 bounds [0x0000000002e40000, 0x00000000030b0000, 0x0000000011e40000]
 total_blobs=990 nmethods=533 adapters=371
 compilation: enabled

Compilation events (10 events):
Event: 3.388 Thread 0x000000001546b800 nmethod 526 0x0000000003052390 code [0x0000000003052500, 0x0000000003052728]
Event: 3.388 Thread 0x000000001544f000  527       4       java.security.MessageDigest$Delegate::engineUpdate (9 bytes)
Event: 3.390 Thread 0x0000000015453000 nmethod 524 0x000000000305d6d0 code [0x000000000305d820, 0x000000000305e468]
Event: 3.393 Thread 0x0000000015453000  528 % !   4       org.sqlite.SQLiteJDBCLoader::md5sum @ 25 (104 bytes)
Event: 3.397 Thread 0x000000001544f000 nmethod 527 0x000000000305cd90 code [0x000000000305cf00, 0x000000000305d308]
Event: 3.402 Thread 0x0000000015453000 nmethod 528% 0x0000000003060910 code [0x0000000003060ae0, 0x0000000003060e90]
Event: 3.402 Thread 0x000000001544f000  529   !   4       org.sqlite.SQLiteJDBCLoader::md5sum (104 bytes)
Event: 3.415 Thread 0x000000001544f000 nmethod 529 0x00000000030612d0 code [0x00000000030614c0, 0x0000000003061a30]
Event: 3.834 Thread 0x000000001546b800  530       1       java.util.zip.ZipFile::access$000 (5 bytes)
Event: 3.834 Thread 0x000000001546b800 nmethod 530 0x000000000305cad0 code [0x000000000305cc20, 0x000000000305cd10]

GC Heap History (0 events):
No events

Deoptimization events (5 events):
Event: 3.302 Thread 0x0000000017167800 Uncommon trap: reason=unstable_if action=reinterpret pc=0x000000000304a0ac method=java.io.BufferedInputStream.read()I @ 8
Event: 3.311 Thread 0x0000000017167800 Uncommon trap: reason=unstable_if action=reinterpret pc=0x0000000003047894 method=java.io.BufferedInputStream.read()I @ 8
Event: 3.371 Thread 0x0000000017167800 Uncommon trap: reason=unstable_if action=reinterpret pc=0x0000000003059060 method=java.security.DigestInputStream.read()I @ 17
Event: 3.387 Thread 0x0000000017167800 Uncommon trap: reason=unstable_if action=reinterpret pc=0x000000000304b6e0 method=sun.security.provider.DigestBase.engineUpdate(B)V @ 4
Event: 3.428 Thread 0x0000000017167800 Uncommon trap: reason=unstable_if action=reinterpret pc=0x0000000003054e4c method=java.security.DigestInputStream.read()I @ 17

Internal exceptions (10 events):
Event: 0.299 Thread 0x0000000002c3d800 Exception <a 'java/io/FileNotFoundException'> (0x00000000eb1df158) thrown at [C:\re\workspace\8-2-build-windows-amd64-cygwin\jdk8u144\9417\hotspot\src\share\vm\prims\jni.cpp, line 709]
Event: 0.418 Thread 0x0000000002c3d800 Exception <a 'java/security/PrivilegedActionException'> (0x00000000eb20d670) thrown at [C:\re\workspace\8-2-build-windows-amd64-cygwin\jdk8u144\9417\hotspot\src\share\vm\prims\jvm.cpp, line 1390]
Event: 0.418 Thread 0x0000000002c3d800 Exception <a 'java/security/PrivilegedActionException'> (0x00000000eb20d880) thrown at [C:\re\workspace\8-2-build-windows-amd64-cygwin\jdk8u144\9417\hotspot\src\share\vm\prims\jvm.cpp, line 1390]
Event: 0.424 Thread 0x0000000002c3d800 Exception <a 'java/security/PrivilegedActionException'> (0x00000000eb2114f0) thrown at [C:\re\workspace\8-2-build-windows-amd64-cygwin\jdk8u144\9417\hotspot\src\share\vm\prims\jvm.cpp, line 1390]
Event: 0.424 Thread 0x0000000002c3d800 Exception <a 'java/security/PrivilegedActionException'> (0x00000000eb211700) thrown at [C:\re\workspace\8-2-build-windows-amd64-cygwin\jdk8u144\9417\hotspot\src\share\vm\prims\jvm.cpp, line 1390]
Event: 0.463 Thread 0x0000000002c3d800 Exception <a 'java/io/FileNotFoundException'> (0x00000000eb27c068) thrown at [C:\re\workspace\8-2-build-windows-amd64-cygwin\jdk8u144\9417\hotspot\src\share\vm\prims\jni.cpp, line 709]
Event: 0.584 Thread 0x0000000002c3d800 Exception <a 'java/lang/NoSuchFieldError': method resolution failed> (0x00000000eb349660) thrown at [C:\re\workspace\8-2-build-windows-amd64-cygwin\jdk8u144\9417\hotspot\src\share\vm\prims\methodHandles.cpp, line 1146]
Event: 0.590 Thread 0x0000000002c3d800 Exception <a 'java/lang/NoSuchFieldError': method resolution failed> (0x00000000eb356a30) thrown at [C:\re\workspace\8-2-build-windows-amd64-cygwin\jdk8u144\9417\hotspot\src\share\vm\prims\methodHandles.cpp, line 1146]
Event: 0.808 Thread 0x0000000017167800 Exception <a 'java/io/FileNotFoundException'> (0x00000000eb4c2180) thrown at [C:\re\workspace\8-2-build-windows-amd64-cygwin\jdk8u144\9417\hotspot\src\share\vm\prims\jni.cpp, line 709]
Event: 3.387 Thread 0x0000000017167800 Implicit null exception at 0x000000000304b40a to 0x000000000304b6cd

Events (10 events):
Event: 3.735 loading class org/sqlite/RS
Event: 3.735 loading class org/sqlite/RS done
Event: 3.785 loading class java/sql/ResultSetMetaData
Event: 3.785 loading class java/sql/ResultSetMetaData done
Event: 3.787 loading class java/io/StringReader
Event: 3.787 loading class java/io/StringReader done
Event: 3.789 loading class java/util/Hashtable$KeySet
Event: 3.829 loading class java/util/Hashtable$KeySet done
Event: 3.833 loading class net/proteanit/sql/DbUtils
Event: 3.833 loading class net/proteanit/sql/DbUtils done


Dynamic libraries:
0x00007ff6a78c0000 - 0x00007ff6a78f7000 	C:\Program Files\Java\jre1.8.0_144\bin\javaw.exe
0x00007ffd39fd0000 - 0x00007ffd3a1ab000 	C:\WINDOWS\SYSTEM32\ntdll.dll
0x00007ffd2d7a0000 - 0x00007ffd2d7d4000 	C:\Program Files\AVAST Software\Avast\x64\aswhooka.dll
0x00007ffd38040000 - 0x00007ffd380ee000 	C:\WINDOWS\System32\KERNEL32.DLL
0x00007ffd36850000 - 0x00007ffd36a99000 	C:\WINDOWS\System32\KERNELBASE.dll
0x00007ffd37da0000 - 0x00007ffd37e41000 	C:\WINDOWS\System32\ADVAPI32.dll
0x00007ffd382d0000 - 0x00007ffd3836d000 	C:\WINDOWS\System32\msvcrt.dll
0x00007ffd39f70000 - 0x00007ffd39fc9000 	C:\WINDOWS\System32\sechost.dll
0x00007ffd380f0000 - 0x00007ffd38215000 	C:\WINDOWS\System32\RPCRT4.dll
0x00007ffd37530000 - 0x00007ffd3767a000 	C:\WINDOWS\System32\USER32.dll
0x00007ffd37470000 - 0x00007ffd3748e000 	C:\WINDOWS\System32\win32u.dll
0x00007ffd37680000 - 0x00007ffd376a7000 	C:\WINDOWS\System32\GDI32.dll
0x00007ffd36550000 - 0x00007ffd366d7000 	C:\WINDOWS\System32\gdi32full.dll
0x00007ffd37490000 - 0x00007ffd3752a000 	C:\WINDOWS\System32\msvcp_win.dll
0x00007ffd37370000 - 0x00007ffd37466000 	C:\WINDOWS\System32\ucrtbase.dll
0x00007ffd2c700000 - 0x00007ffd2c967000 	C:\WINDOWS\WinSxS\amd64_microsoft.windows.common-controls_6595b64144ccf1df_6.0.15063.483_none_26002d27e7c744a2\COMCTL32.dll
0x00007ffd38390000 - 0x00007ffd38689000 	C:\WINDOWS\System32\combase.dll
0x00007ffd366e0000 - 0x00007ffd3674a000 	C:\WINDOWS\System32\bcryptPrimitives.dll
0x00007ffd37fa0000 - 0x00007ffd37fcd000 	C:\WINDOWS\System32\IMM32.DLL
0x0000000075930000 - 0x0000000075a02000 	C:\Program Files\Java\jre1.8.0_144\bin\msvcr100.dll
0x0000000075cc0000 - 0x000000007655d000 	C:\Program Files\Java\jre1.8.0_144\bin\server\jvm.dll
0x00007ffd376c0000 - 0x00007ffd376c8000 	C:\WINDOWS\System32\PSAPI.DLL
0x00007ffd2b320000 - 0x00007ffd2b329000 	C:\WINDOWS\SYSTEM32\WSOCK32.dll
0x00007ffd37fd0000 - 0x00007ffd3803c000 	C:\WINDOWS\System32\WS2_32.dll
0x00007ffd2e770000 - 0x00007ffd2e793000 	C:\WINDOWS\SYSTEM32\WINMM.dll
0x00007ffd2c9b0000 - 0x00007ffd2c9ba000 	C:\WINDOWS\SYSTEM32\VERSION.dll
0x00007ffd2e740000 - 0x00007ffd2e76b000 	C:\WINDOWS\SYSTEM32\WINMMBASE.dll
0x00007ffd36750000 - 0x00007ffd36799000 	C:\WINDOWS\System32\cfgmgr32.dll
0x0000000050000000 - 0x000000005000f000 	C:\Program Files\Java\jre1.8.0_144\bin\verify.dll
0x00000000770f0000 - 0x0000000077119000 	C:\Program Files\Java\jre1.8.0_144\bin\java.dll
0x0000000076940000 - 0x0000000076956000 	C:\Program Files\Java\jre1.8.0_144\bin\zip.dll
0x00007ffd38b30000 - 0x00007ffd39f67000 	C:\WINDOWS\System32\SHELL32.dll
0x00007ffd38220000 - 0x00007ffd382ca000 	C:\WINDOWS\System32\shcore.dll
0x00007ffd36c70000 - 0x00007ffd37361000 	C:\WINDOWS\System32\windows.storage.dll
0x00007ffd37890000 - 0x00007ffd378e1000 	C:\WINDOWS\System32\shlwapi.dll
0x00007ffd36480000 - 0x00007ffd36491000 	C:\WINDOWS\System32\kernel.appcore.dll
0x00007ffd364a0000 - 0x00007ffd364ec000 	C:\WINDOWS\System32\powrprof.dll
0x00007ffd36460000 - 0x00007ffd36475000 	C:\WINDOWS\System32\profapi.dll
0x0000000075ab0000 - 0x0000000075c48000 	C:\Program Files\Java\jre1.8.0_144\bin\awt.dll
0x00007ffd377d0000 - 0x00007ffd37890000 	C:\WINDOWS\System32\OLEAUT32.dll
0x00007ffd34940000 - 0x00007ffd349be000 	C:\WINDOWS\SYSTEM32\apphelp.dll
0x00007ffd34ad0000 - 0x00007ffd34b65000 	C:\WINDOWS\system32\uxtheme.dll
0x00007ffd387a0000 - 0x00007ffd38906000 	C:\WINDOWS\System32\MSCTF.dll
0x00007ffd24cb0000 - 0x00007ffd24d51000 	C:\Program Files\Common Files\microsoft shared\ink\tiptsf.dll
0x00007ffd2a700000 - 0x00007ffd2a72a000 	C:\WINDOWS\system32\dwmapi.dll
0x00007ffd37e50000 - 0x00007ffd37f95000 	C:\WINDOWS\System32\ole32.dll
0x00007ffd06b30000 - 0x00007ffd06d5d000 	C:\Program Files\Acer\Acer Power Management\SysHook.dll
0x00007ffd38690000 - 0x00007ffd38798000 	C:\WINDOWS\System32\COMDLG32.dll
0x00007ffd33160000 - 0x00007ffd33167000 	C:\WINDOWS\SYSTEM32\MSIMG32.dll
0x00007ffd2ca10000 - 0x00007ffd2ca9a000 	C:\WINDOWS\SYSTEM32\WINSPOOL.DRV
0x00007ffd2af50000 - 0x00007ffd2b0e5000 	C:\WINDOWS\WinSxS\amd64_microsoft.windows.gdiplus_6595b64144ccf1df_1.1.15063.608_none_56f0266b425534e9\gdiplus.dll
0x00007ffd29430000 - 0x00007ffd2949b000 	C:\WINDOWS\SYSTEM32\OLEACC.dll
0x00007ffd36310000 - 0x00007ffd36335000 	C:\WINDOWS\SYSTEM32\bcrypt.dll
0x00007ffd1fac0000 - 0x00007ffd1fbe1000 	C:\WINDOWS\system32\opengl32.dll
0x00007ffd270f0000 - 0x00007ffd2711c000 	C:\WINDOWS\SYSTEM32\GLU32.dll
0x0000000075a60000 - 0x0000000075aa7000 	C:\Program Files\Java\jre1.8.0_144\bin\fontmanager.dll
0x00007ffd2f5e0000 - 0x00007ffd2f662000 	C:\WINDOWS\System32\TextInputFramework.dll
0x00007ffd29680000 - 0x00007ffd29952000 	C:\WINDOWS\System32\CoreUIComponents.dll
0x00007ffd33c00000 - 0x00007ffd33ce3000 	C:\WINDOWS\System32\CoreMessaging.dll
0x00007ffd354a0000 - 0x00007ffd354d1000 	C:\WINDOWS\SYSTEM32\ntmarta.dll
0x00007ffd32fb0000 - 0x00007ffd330e9000 	C:\WINDOWS\SYSTEM32\wintypes.dll
0x00007ffd30d40000 - 0x00007ffd30d55000 	C:\WINDOWS\SYSTEM32\usermgrcli.dll
0x00007ffd376d0000 - 0x00007ffd3776e000 	C:\WINDOWS\System32\clbcatq.dll
0x00007ffd20c90000 - 0x00007ffd20e55000 	C:\Windows\System32\uiautomationcore.dll
0x00007ffd36270000 - 0x00007ffd3630a000 	C:\WINDOWS\SYSTEM32\sxs.dll
0x00007ffd26c10000 - 0x00007ffd26c92000 	C:\WINDOWS\SYSTEM32\twinapi.dll
0x00007ffd34db0000 - 0x00007ffd34f20000 	C:\WINDOWS\SYSTEM32\twinapi.appcore.dll
0x0000000075ca0000 - 0x0000000075cba000 	C:\Program Files\Java\jre1.8.0_144\bin\net.dll
0x00007ffd35cf0000 - 0x00007ffd35d4c000 	C:\WINDOWS\system32\mswsock.dll
0x0000000075c80000 - 0x0000000075c91000 	C:\Program Files\Java\jre1.8.0_144\bin\nio.dll
0x0000000075a10000 - 0x0000000075a52000 	C:\Program Files\Java\jre1.8.0_144\bin\t2k.dll
0x0000000069340000 - 0x00000000693c5000 	C:\Users\комп\AppData\Local\Temp\sqlite-3.7.2-sqlitejdbc.dll
0x00007ffd30690000 - 0x00007ffd30839000 	C:\WINDOWS\SYSTEM32\dbghelp.dll

VM Arguments:
jvm_args: -Dfile.encoding=Cp1251 
java_command: Olymp.Form
java_class_path (initial): C:\Users\комп\workspace\Olymp\bin;C:\Users\комп\Downloads\sqlite-jdbc-3.7.2.jar;C:\Users\комп\Downloads\rs2xml.jar
Launcher Type: SUN_STANDARD

Environment Variables:
PATH=C:/Program Files/Java/jre1.8.0_144/bin/server;C:/Program Files/Java/jre1.8.0_144/bin;C:/Program Files/Java/jre1.8.0_144/lib/amd64;C:\ProgramData\Oracle\Java\javapath;C:\Python34\Lib\site-packages\PyQt5;C:\Python34\;C:\Python34\Scripts;C:\Program Files (x86)\ActiveState Komodo Edit 8\;C:\PROGRA~2\Borland\CBUILD~1\Bin;C:\PROGRA~2\Borland\CBUILD~1\Projects\Bpl;C:\Program Files (x86)\Intel\TXE Components\TCS\;C:\Program Files\Intel\TXE Components\TCS\;C:\Windows\system32;C:\Windows;C:\Windows\System32\Wbem;C:\Windows\System32\WindowsPowerShell\v1.0\;C:\Program Files\Intel\TXE Components\DAL\;C:\Program Files (x86)\Intel\TXE Components\DAL\;C:\Program Files\Intel\TXE Components\IPT\;C:\Program Files (x86)\Intel\TXE Components\IPT\;C:\Program Files (x86)\NVIDIA Corporation\PhysX\Common;C:\WINDOWS\system32;C:\WINDOWS;C:\WINDOWS\System32\Wbem;C:\WINDOWS\System32\WindowsPowerShell\v1.0\;C:\WINDOWS\system32\config\systemprofile\.dnx\bin;C:\Program Files\Microsoft DNX\Dnvm\;C:\Program Files\Microsoft SQL Server\130\Tools\Binn\;C:\Program Files (x86)\GtkSharp\2.12\bin;C:\Program Files (x86)\Brackets\command;C:\Program Files (x86)\Skype\Phone\;C:\Program Files\dotnet\;C:\Program Files\Git\cmd;C:\Program Files\MySQL\MySQL Utilities 1.6\;C:\Program Files\TortoiseSVN\bin;C:\Users\комп\Miniconda3;C:\Users\комп\Miniconda3\Scripts;C:\Users\комп\Miniconda3\Library\bin;C:\Users\комп\AppData\Local\Programs\Python\Python35-32\Scripts\;C:\Users\комп\AppData\Local\Programs\Python\Python35-32\;C:\Users\комп\AppData\Local\Microsoft\WindowsApps;;C:\Program Files\Docker Toolbox;C:\Users\комп\Downloads\eclipse;
USERNAME=комп
OS=Windows_NT
PROCESSOR_IDENTIFIER=Intel64 Family 6 Model 76 Stepping 3, GenuineIntel



---------------  S Y S T E M  ---------------

OS: Windows 10.0 , 64 bit Build 15063 (10.0.15063.296)

CPU:total 4 (initial active 4) (4 cores per cpu, 1 threads per core) family 6 model 76 stepping 3, cmov, cx8, fxsr, mmx, sse, sse2, sse3, ssse3, sse4.1, sse4.2, popcnt, aes, clmul, erms, 3dnowpref, tsc, tscinvbit

Memory: 4k page, physical 4105992k(455600k free), swap 10518488k(1434180k free)

vm_info: Java HotSpot(TM) 64-Bit Server VM (25.144-b01) for windows-amd64 JRE (1.8.0_144-b01), built on Jul 21 2017 21:57:33 by "java_re" with MS VC++ 10.0 (VS2010)

time: Fri Dec 22 01:29:54 2017
elapsed time: 4 seconds (0d 0h 0m 4s)

