#
# A fatal error has been detected by the Java Runtime Environment:
#
#  EXCEPTION_ACCESS_VIOLATION (0xc0000005) at pc=0x0000000069347ce1, pid=1312, tid=0x0000000000000fd4
#
# JRE version: Java(TM) SE Runtime Environment (8.0_144-b01) (build 1.8.0_144-b01)
# Java VM: Java HotSpot(TM) 64-Bit Server VM (25.144-b01 mixed mode windows-amd64 compressed oops)
# Problematic frame:
# C  [sqlite-3.7.2-sqlitejdbc.dll+0x7ce1]
#
# Failed to write core dump. Minidumps are not enabled by default on client versions of Windows
#
# If you would like to submit a bug report, please visit:
#   http://bugreport.java.com/bugreport/crash.jsp
# The crash happened outside the Java Virtual Machine in native code.
# See problematic frame for where to report the bug.
#

---------------  T H R E A D  ---------------

Current thread (0x0000000016f79000):  JavaThread "AWT-EventQueue-0" [_thread_in_native, id=4052, stack(0x0000000017b30000,0x0000000017c30000)]

siginfo: ExceptionCode=0xc0000005, reading address 0x0000000000000000

Registers:
RAX=0x0000000000000000, RBX=0x0000000000000000, RCX=0x0000000000000000, RDX=0x0000000000000000
RSP=0x0000000017c2c980, RBP=0x0000000017c2cae0, RSI=0x0000000000000000, RDI=0x0000000000027070
R8 =0x000000006936a0b6, R9 =0x0000000000000000, R10=0x000000000284848b, R11=0x000000007533bc50
R12=0x0000000000000000, R13=0x0000000000000000, R14=0x000000006936a0b6, R15=0x0000000016f79000
RIP=0x0000000069347ce1, EFLAGS=0x0000000000010202

Top of Stack: (sp=0x0000000017c2c980)
0x0000000017c2c980:   0000000017c2cb60 0000000017c2cb00
0x0000000017c2c990:   0000000100147a78 0000000100147e20
0x0000000017c2c9a0:   0000000000000000 0000000016f791f8
0x0000000017c2c9b0:   0000000000027070 0000000017c2cae0
0x0000000017c2c9c0:   0000000000000000 000000001930f258
0x0000000017c2c9d0:   0000000017c2cb18 0000000069347da5
0x0000000017c2c9e0:   0000000019358b88 0000000016f79000
0x0000000017c2c9f0:   0000000016ae6a00 00000000751ca404
0x0000000017c2ca00:   000000001935bae8 00000000693423f8
0x0000000017c2ca10:   0000000014e481c8 0000000019358b60
0x0000000017c2ca20:   00000000000000b6 0000000019358b88
0x0000000017c2ca30:   0000000016f79000 000000001930f258
0x0000000017c2ca40:   00000000144a0468 00000000028484b7
0x0000000017c2ca50:   0000000100149940 0000000016f79000
0x0000000017c2ca60:   00000000193531a8 0000000019358b88
0x0000000017c2ca70:   0000000016f79000 00000000193531a8 

Instructions: (pc=0x0000000069347ce1)
0x0000000069347cc1:   30 48 89 6c 24 38 4c 89 64 24 40 4c 89 6c 24 48
0x0000000069347cd1:   4c 89 74 24 50 48 89 cb 89 d6 4d 89 c6 45 89 cd
0x0000000069347ce1:   48 8b 39 e8 91 ff ff ff 41 89 c4 39 c6 0f 9c c2
0x0000000069347cf1:   89 f0 f7 d0 c1 e8 1f bd 00 00 00 00 84 c2 74 48 


Register to memory mapping:

RAX=0x0000000000000000 is an unknown value
RBX=0x0000000000000000 is an unknown value
RCX=0x0000000000000000 is an unknown value
RDX=0x0000000000000000 is an unknown value
RSP=0x0000000017c2c980 is pointing into the stack for thread: 0x0000000016f79000
RBP=0x0000000017c2cae0 is pointing into the stack for thread: 0x0000000016f79000
RSI=0x0000000000000000 is an unknown value
RDI=0x0000000000027070 is an unknown value
R8 =0x000000006936a0b6 is an unknown value
R9 =0x0000000000000000 is an unknown value
R10=0x000000000284848b is at code_begin+1227 in an Interpreter codelet
method entry point (kind = native_synchronized)  [0x0000000002847fc0, 0x0000000002848aa0]  2784 bytes
R11=0x000000007533bc50 is an unknown value
R12=0x0000000000000000 is an unknown value
R13=0x0000000000000000 is an unknown value
R14=0x000000006936a0b6 is an unknown value
R15=0x0000000016f79000 is a thread


Stack: [0x0000000017b30000,0x0000000017c30000],  sp=0x0000000017c2c980,  free space=1010k
Native frames: (J=compiled Java code, j=interpreted, Vv=VM code, C=native code)
C  [sqlite-3.7.2-sqlitejdbc.dll+0x7ce1]

Java frames: (J=compiled Java code, j=interpreted, Vv=VM code)
j  org.sqlite.NativeDB.column_name(JI)Ljava/lang/String;+0
j  org.sqlite.RS.getColumnName(I)Ljava/lang/String;+16
j  org.sqlite.RS.getColumnLabel(I)Ljava/lang/String;+2
j  net.proteanit.sql.DbUtils.resultSetToTableModel(Ljava/sql/ResultSet;)Ljavax/swing/table/TableModel;+37
j  Olymp.Form$2.actionPerformed(Ljava/awt/event/ActionEvent;)V+12
j  javax.swing.AbstractButton.fireActionPerformed(Ljava/awt/event/ActionEvent;)V+83
j  javax.swing.AbstractButton$Handler.actionPerformed(Ljava/awt/event/ActionEvent;)V+5
j  javax.swing.DefaultButtonModel.fireActionPerformed(Ljava/awt/event/ActionEvent;)V+34
j  javax.swing.DefaultButtonModel.setPressed(Z)V+117
j  javax.swing.plaf.basic.BasicButtonListener.mouseReleased(Ljava/awt/event/MouseEvent;)V+35
j  java.awt.Component.processMouseEvent(Ljava/awt/event/MouseEvent;)V+64
j  javax.swing.JComponent.processMouseEvent(Ljava/awt/event/MouseEvent;)V+23
j  java.awt.Component.processEvent(Ljava/awt/AWTEvent;)V+81
j  java.awt.Container.processEvent(Ljava/awt/AWTEvent;)V+18
j  java.awt.Component.dispatchEventImpl(Ljava/awt/AWTEvent;)V+589
j  java.awt.Container.dispatchEventImpl(Ljava/awt/AWTEvent;)V+42
j  java.awt.Component.dispatchEvent(Ljava/awt/AWTEvent;)V+2
j  java.awt.LightweightDispatcher.retargetMouseEvent(Ljava/awt/Component;ILjava/awt/event/MouseEvent;)V+327
j  java.awt.LightweightDispatcher.processMouseEvent(Ljava/awt/event/MouseEvent;)Z+155
j  java.awt.LightweightDispatcher.dispatchEvent(Ljava/awt/AWTEvent;)Z+50
j  java.awt.Container.dispatchEventImpl(Ljava/awt/AWTEvent;)V+12
j  java.awt.Window.dispatchEventImpl(Ljava/awt/AWTEvent;)V+19
j  java.awt.Component.dispatchEvent(Ljava/awt/AWTEvent;)V+2
j  java.awt.EventQueue.dispatchEventImpl(Ljava/awt/AWTEvent;Ljava/lang/Object;)V+41
j  java.awt.EventQueue.access$500(Ljava/awt/EventQueue;Ljava/awt/AWTEvent;Ljava/lang/Object;)V+3
j  java.awt.EventQueue$3.run()Ljava/lang/Void;+32
j  java.awt.EventQueue$3.run()Ljava/lang/Object;+1
v  ~StubRoutines::call_stub
j  java.security.AccessController.doPrivileged(Ljava/security/PrivilegedAction;Ljava/security/AccessControlContext;)Ljava/lang/Object;+0
j  java.security.ProtectionDomain$JavaSecurityAccessImpl.doIntersectionPrivilege(Ljava/security/PrivilegedAction;Ljava/security/AccessControlContext;Ljava/security/AccessControlContext;)Ljava/lang/Object;+18
j  java.security.ProtectionDomain$JavaSecurityAccessImpl.doIntersectionPrivilege(Ljava/security/PrivilegedAction;Ljava/security/AccessControlContext;)Ljava/lang/Object;+6
j  java.awt.EventQueue$4.run()Ljava/lang/Void;+11
j  java.awt.EventQueue$4.run()Ljava/lang/Object;+1
v  ~StubRoutines::call_stub
j  java.security.AccessController.doPrivileged(Ljava/security/PrivilegedAction;Ljava/security/AccessControlContext;)Ljava/lang/Object;+0
j  java.security.ProtectionDomain$JavaSecurityAccessImpl.doIntersectionPrivilege(Ljava/security/PrivilegedAction;Ljava/security/AccessControlContext;Ljava/security/AccessControlContext;)Ljava/lang/Object;+18
j  java.awt.EventQueue.dispatchEvent(Ljava/awt/AWTEvent;)V+73
j  java.awt.EventDispatchThread.pumpOneEventForFilters(I)V+245
j  java.awt.EventDispatchThread.pumpEventsForFilter(ILjava/awt/Conditional;Ljava/awt/EventFilter;)V+35
j  java.awt.EventDispatchThread.pumpEventsForHierarchy(ILjava/awt/Conditional;Ljava/awt/Component;)V+11
j  java.awt.EventDispatchThread.pumpEvents(ILjava/awt/Conditional;)V+4
j  java.awt.EventDispatchThread.pumpEvents(Ljava/awt/Conditional;)V+3
j  java.awt.EventDispatchThread.run()V+9
v  ~StubRoutines::call_stub

---------------  P R O C E S S  ---------------

Java Threads: ( => current thread )
  0x000000000280d800 JavaThread "DestroyJavaVM" [_thread_blocked, id=12868, stack(0x0000000000d40000,0x0000000000e40000)]
=>0x0000000016f79000 JavaThread "AWT-EventQueue-0" [_thread_in_native, id=4052, stack(0x0000000017b30000,0x0000000017c30000)]
  0x0000000016f77000 JavaThread "AWT-Windows" daemon [_thread_in_native, id=8636, stack(0x00000000178d0000,0x00000000179d0000)]
  0x0000000016f73000 JavaThread "AWT-Shutdown" [_thread_blocked, id=4060, stack(0x00000000177d0000,0x00000000178d0000)]
  0x0000000016f72800 JavaThread "Java2D Disposer" daemon [_thread_blocked, id=7172, stack(0x00000000176d0000,0x00000000177d0000)]
  0x00000000167bb800 JavaThread "Service Thread" daemon [_thread_blocked, id=5036, stack(0x0000000016b90000,0x0000000016c90000)]
  0x0000000014e51800 JavaThread "C1 CompilerThread2" daemon [_thread_blocked, id=6408, stack(0x0000000016690000,0x0000000016790000)]
  0x0000000014e43000 JavaThread "C2 CompilerThread1" daemon [_thread_blocked, id=10720, stack(0x0000000016590000,0x0000000016690000)]
  0x0000000014e3f000 JavaThread "C2 CompilerThread0" daemon [_thread_blocked, id=10100, stack(0x0000000016490000,0x0000000016590000)]
  0x0000000014e3d800 JavaThread "Attach Listener" daemon [_thread_blocked, id=3016, stack(0x0000000016390000,0x0000000016490000)]
  0x0000000014e3c000 JavaThread "Signal Dispatcher" daemon [_thread_blocked, id=4492, stack(0x0000000016290000,0x0000000016390000)]
  0x000000000274a800 JavaThread "Finalizer" daemon [_thread_blocked, id=5212, stack(0x00000000160a0000,0x00000000161a0000)]
  0x0000000014e09000 JavaThread "Reference Handler" daemon [_thread_blocked, id=5012, stack(0x0000000015fa0000,0x00000000160a0000)]

Other Threads:
  0x0000000014e07800 VMThread [stack: 0x0000000015ea0000,0x0000000015fa0000] [id=4880]
  0x00000000167cf000 WatcherThread [stack: 0x0000000016dd0000,0x0000000016ed0000] [id=10712]

VM state:not at safepoint (normal execution)

VM Mutex/Monitor currently owned by a thread: None

Heap:
 PSYoungGen      total 18944K, used 6374K [0x00000000eb180000, 0x00000000ec680000, 0x0000000100000000)
  eden space 16384K, 38% used [0x00000000eb180000,0x00000000eb7b9a10,0x00000000ec180000)
  from space 2560K, 0% used [0x00000000ec400000,0x00000000ec400000,0x00000000ec680000)
  to   space 2560K, 0% used [0x00000000ec180000,0x00000000ec180000,0x00000000ec400000)
 ParOldGen       total 44032K, used 0K [0x00000000c1400000, 0x00000000c3f00000, 0x00000000eb180000)
  object space 44032K, 0% used [0x00000000c1400000,0x00000000c1400000,0x00000000c3f00000)
 Metaspace       used 10333K, capacity 10488K, committed 10624K, reserved 1058816K
  class space    used 1295K, capacity 1367K, committed 1408K, reserved 1048576K

Card table byte_map: [0x0000000011bf0000,0x0000000011df0000] byte_map_base: 0x00000000115e6000

Marking Bits: (ParMarkBitMap*) 0x000000007592d850
 Begin Bits: [0x0000000012340000, 0x00000000132f0000)
 End Bits:   [0x00000000132f0000, 0x00000000142a0000)

Polling page: 0x0000000000bd0000

CodeCache: size=245760Kb used=2135Kb max_used=2146Kb free=243624Kb
 bounds [0x0000000002830000, 0x0000000002aa0000, 0x0000000011830000]
 total_blobs=972 nmethods=515 adapters=371
 compilation: enabled

Compilation events (10 events):
Event: 2.703 Thread 0x0000000014e43000 nmethod 511 0x0000000002a34050 code [0x0000000002a341c0, 0x0000000002a345c8]
Event: 2.703 Thread 0x0000000014e43000  512 % !   4       org.sqlite.SQLiteJDBCLoader::md5sum @ 25 (104 bytes)
Event: 2.711 Thread 0x0000000014e3f000 nmethod 508 0x0000000002a49f50 code [0x0000000002a4a0a0, 0x0000000002a4ace8]
Event: 2.712 Thread 0x0000000014e43000 nmethod 512% 0x0000000002a40090 code [0x0000000002a40260, 0x0000000002a40610]
Event: 2.712 Thread 0x0000000014e3f000  513   !   4       org.sqlite.SQLiteJDBCLoader::md5sum (104 bytes)
Event: 2.726 Thread 0x0000000014e3f000 nmethod 513 0x0000000002a47610 code [0x0000000002a47800, 0x0000000002a47d70]
Event: 2.771 Thread 0x0000000014e51800  514       3       sun.awt.AWTAutoShutdown::notifyToolkitThreadFree (8 bytes)
Event: 2.772 Thread 0x0000000014e51800 nmethod 514 0x0000000002a43a10 code [0x0000000002a43b80, 0x0000000002a43d48]
Event: 2.774 Thread 0x0000000014e51800  515       1       java.util.zip.ZipFile::access$000 (5 bytes)
Event: 2.775 Thread 0x0000000014e51800 nmethod 515 0x0000000002a42d90 code [0x0000000002a42ee0, 0x0000000002a42fd0]

GC Heap History (0 events):
No events

Deoptimization events (4 events):
Event: 2.644 Thread 0x0000000016f79000 Uncommon trap: reason=unstable_if action=reinterpret pc=0x0000000002a31694 method=java.io.BufferedInputStream.read()I @ 8
Event: 2.692 Thread 0x0000000016f79000 Uncommon trap: reason=unstable_if action=reinterpret pc=0x0000000002a44b20 method=java.security.DigestInputStream.read()I @ 17
Event: 2.694 Thread 0x0000000016f79000 Uncommon trap: reason=unstable_if action=reinterpret pc=0x0000000002a32320 method=sun.security.provider.DigestBase.engineUpdate(B)V @ 4
Event: 2.739 Thread 0x0000000016f79000 Uncommon trap: reason=unstable_if action=reinterpret pc=0x0000000002a41188 method=java.security.DigestInputStream.read()I @ 17

Internal exceptions (10 events):
Event: 0.266 Thread 0x000000000280d800 Exception <a 'java/io/FileNotFoundException'> (0x00000000eb1df158) thrown at [C:\re\workspace\8-2-build-windows-amd64-cygwin\jdk8u144\9417\hotspot\src\share\vm\prims\jni.cpp, line 709]
Event: 0.366 Thread 0x000000000280d800 Exception <a 'java/security/PrivilegedActionException'> (0x00000000eb20d670) thrown at [C:\re\workspace\8-2-build-windows-amd64-cygwin\jdk8u144\9417\hotspot\src\share\vm\prims\jvm.cpp, line 1390]
Event: 0.367 Thread 0x000000000280d800 Exception <a 'java/security/PrivilegedActionException'> (0x00000000eb20d880) thrown at [C:\re\workspace\8-2-build-windows-amd64-cygwin\jdk8u144\9417\hotspot\src\share\vm\prims\jvm.cpp, line 1390]
Event: 0.369 Thread 0x000000000280d800 Exception <a 'java/security/PrivilegedActionException'> (0x00000000eb2114f0) thrown at [C:\re\workspace\8-2-build-windows-amd64-cygwin\jdk8u144\9417\hotspot\src\share\vm\prims\jvm.cpp, line 1390]
Event: 0.370 Thread 0x000000000280d800 Exception <a 'java/security/PrivilegedActionException'> (0x00000000eb211700) thrown at [C:\re\workspace\8-2-build-windows-amd64-cygwin\jdk8u144\9417\hotspot\src\share\vm\prims\jvm.cpp, line 1390]
Event: 0.400 Thread 0x000000000280d800 Exception <a 'java/io/FileNotFoundException'> (0x00000000eb27c068) thrown at [C:\re\workspace\8-2-build-windows-amd64-cygwin\jdk8u144\9417\hotspot\src\share\vm\prims\jni.cpp, line 709]
Event: 0.504 Thread 0x000000000280d800 Exception <a 'java/lang/NoSuchFieldError': method resolution failed> (0x00000000eb349660) thrown at [C:\re\workspace\8-2-build-windows-amd64-cygwin\jdk8u144\9417\hotspot\src\share\vm\prims\methodHandles.cpp, line 1146]
Event: 0.510 Thread 0x000000000280d800 Exception <a 'java/lang/NoSuchFieldError': method resolution failed> (0x00000000eb356a30) thrown at [C:\re\workspace\8-2-build-windows-amd64-cygwin\jdk8u144\9417\hotspot\src\share\vm\prims\methodHandles.cpp, line 1146]
Event: 0.719 Thread 0x0000000016f79000 Exception <a 'java/io/FileNotFoundException'> (0x00000000eb470160) thrown at [C:\re\workspace\8-2-build-windows-amd64-cygwin\jdk8u144\9417\hotspot\src\share\vm\prims\jni.cpp, line 709]
Event: 2.694 Thread 0x0000000016f79000 Implicit null exception at 0x0000000002a3204a to 0x0000000002a3230d

Events (10 events):
Event: 2.762 loading class org/sqlite/RS
Event: 2.762 loading class org/sqlite/RS done
Event: 2.763 loading class java/sql/ResultSetMetaData
Event: 2.764 loading class java/sql/ResultSetMetaData done
Event: 2.766 loading class java/io/StringReader
Event: 2.767 loading class java/io/StringReader done
Event: 2.769 loading class java/util/Hashtable$KeySet
Event: 2.769 loading class java/util/Hashtable$KeySet done
Event: 2.772 loading class net/proteanit/sql/DbUtils
Event: 2.772 loading class net/proteanit/sql/DbUtils done


Dynamic libraries:
0x00007ff626980000 - 0x00007ff6269b7000 	C:\Program Files\Java\jre1.8.0_144\bin\javaw.exe
0x00007ffcd47c0000 - 0x00007ffcd499b000 	C:\WINDOWS\SYSTEM32\ntdll.dll
0x00007ffca3740000 - 0x00007ffca3774000 	C:\Program Files\AVAST Software\Avast\x64\aswhooka.dll
0x00007ffcd1d20000 - 0x00007ffcd1dce000 	C:\WINDOWS\System32\KERNEL32.DLL
0x00007ffcd19c0000 - 0x00007ffcd1c09000 	C:\WINDOWS\System32\KERNELBASE.dll
0x00007ffcd1dd0000 - 0x00007ffcd1e71000 	C:\WINDOWS\System32\ADVAPI32.dll
0x00007ffcd2030000 - 0x00007ffcd20cd000 	C:\WINDOWS\System32\msvcrt.dll
0x00007ffcd4760000 - 0x00007ffcd47b9000 	C:\WINDOWS\System32\sechost.dll
0x00007ffcd2930000 - 0x00007ffcd2a55000 	C:\WINDOWS\System32\RPCRT4.dll
0x00007ffcd2e90000 - 0x00007ffcd2fda000 	C:\WINDOWS\System32\USER32.dll
0x00007ffcd0ce0000 - 0x00007ffcd0cfe000 	C:\WINDOWS\System32\win32u.dll
0x00007ffcd4490000 - 0x00007ffcd44b7000 	C:\WINDOWS\System32\GDI32.dll
0x00007ffcd17e0000 - 0x00007ffcd1967000 	C:\WINDOWS\System32\gdi32full.dll
0x00007ffcd1c10000 - 0x00007ffcd1caa000 	C:\WINDOWS\System32\msvcp_win.dll
0x00007ffcd0d00000 - 0x00007ffcd0df6000 	C:\WINDOWS\System32\ucrtbase.dll
0x00007ffcc67f0000 - 0x00007ffcc6a57000 	C:\WINDOWS\WinSxS\amd64_microsoft.windows.common-controls_6595b64144ccf1df_6.0.15063.483_none_26002d27e7c744a2\COMCTL32.dll
0x00007ffcd2a70000 - 0x00007ffcd2d69000 	C:\WINDOWS\System32\combase.dll
0x00007ffcd1cb0000 - 0x00007ffcd1d1a000 	C:\WINDOWS\System32\bcryptPrimitives.dll
0x00007ffcd4730000 - 0x00007ffcd475d000 	C:\WINDOWS\System32\IMM32.DLL
0x0000000074d10000 - 0x0000000074de2000 	C:\Program Files\Java\jre1.8.0_144\bin\msvcr100.dll
0x0000000075110000 - 0x00000000759ad000 	C:\Program Files\Java\jre1.8.0_144\bin\server\jvm.dll
0x00007ffcd2a60000 - 0x00007ffcd2a68000 	C:\WINDOWS\System32\PSAPI.DLL
0x00007ffcc0b20000 - 0x00007ffcc0b29000 	C:\WINDOWS\SYSTEM32\WSOCK32.dll
0x00007ffcd20d0000 - 0x00007ffcd213c000 	C:\WINDOWS\System32\WS2_32.dll
0x00007ffccef10000 - 0x00007ffccef33000 	C:\WINDOWS\SYSTEM32\WINMM.dll
0x00007ffcc1a10000 - 0x00007ffcc1a1a000 	C:\WINDOWS\SYSTEM32\VERSION.dll
0x00007ffcceee0000 - 0x00007ffccef0b000 	C:\WINDOWS\SYSTEM32\WINMMBASE.dll
0x00007ffcd1970000 - 0x00007ffcd19b9000 	C:\WINDOWS\System32\cfgmgr32.dll
0x0000000076bf0000 - 0x0000000076bff000 	C:\Program Files\Java\jre1.8.0_144\bin\verify.dll
0x0000000075d00000 - 0x0000000075d29000 	C:\Program Files\Java\jre1.8.0_144\bin\java.dll
0x0000000075ce0000 - 0x0000000075cf6000 	C:\Program Files\Java\jre1.8.0_144\bin\zip.dll
0x00007ffcd3040000 - 0x00007ffcd4477000 	C:\WINDOWS\System32\SHELL32.dll
0x00007ffcd44c0000 - 0x00007ffcd456a000 	C:\WINDOWS\System32\shcore.dll
0x00007ffcd0e00000 - 0x00007ffcd14f1000 	C:\WINDOWS\System32\windows.storage.dll
0x00007ffcd2590000 - 0x00007ffcd25e1000 	C:\WINDOWS\System32\shlwapi.dll
0x00007ffcd0c50000 - 0x00007ffcd0c61000 	C:\WINDOWS\System32\kernel.appcore.dll
0x00007ffcd0c70000 - 0x00007ffcd0cbc000 	C:\WINDOWS\System32\powrprof.dll
0x00007ffcd0cc0000 - 0x00007ffcd0cd5000 	C:\WINDOWS\System32\profapi.dll
0x0000000074b70000 - 0x0000000074d08000 	C:\Program Files\Java\jre1.8.0_144\bin\awt.dll
0x00007ffcd2d70000 - 0x00007ffcd2e30000 	C:\WINDOWS\System32\OLEAUT32.dll
0x00007ffccf130000 - 0x00007ffccf1ae000 	C:\WINDOWS\SYSTEM32\apphelp.dll
0x00007ffccf2c0000 - 0x00007ffccf355000 	C:\WINDOWS\system32\uxtheme.dll
0x00007ffcd27c0000 - 0x00007ffcd2926000 	C:\WINDOWS\System32\MSCTF.dll
0x00007ffcb9a80000 - 0x00007ffcb9b21000 	C:\Program Files\Common Files\microsoft shared\ink\tiptsf.dll
0x00007ffccea60000 - 0x00007ffccea8a000 	C:\WINDOWS\system32\dwmapi.dll
0x00007ffcd25f0000 - 0x00007ffcd2735000 	C:\WINDOWS\System32\ole32.dll
0x00007ffcc5500000 - 0x00007ffcc5621000 	C:\WINDOWS\system32\opengl32.dll
0x00007ffcc96b0000 - 0x00007ffcc96dc000 	C:\WINDOWS\SYSTEM32\GLU32.dll
0x0000000076cf0000 - 0x0000000076d37000 	C:\Program Files\Java\jre1.8.0_144\bin\fontmanager.dll
0x00007ffcc8fd0000 - 0x00007ffcc9052000 	C:\WINDOWS\System32\TextInputFramework.dll
0x00007ffccbb50000 - 0x00007ffccbe22000 	C:\WINDOWS\System32\CoreUIComponents.dll
0x00007ffcce220000 - 0x00007ffcce303000 	C:\WINDOWS\System32\CoreMessaging.dll
0x00007ffccfc90000 - 0x00007ffccfcc1000 	C:\WINDOWS\SYSTEM32\ntmarta.dll
0x00007ffccd070000 - 0x00007ffccd1a9000 	C:\WINDOWS\SYSTEM32\wintypes.dll
0x00007ffccd670000 - 0x00007ffccd685000 	C:\WINDOWS\SYSTEM32\usermgrcli.dll
0x00007ffcd1e80000 - 0x00007ffcd1f1e000 	C:\WINDOWS\System32\clbcatq.dll
0x00007ffcad8e0000 - 0x00007ffcadaa5000 	C:\Windows\System32\uiautomationcore.dll
0x00007ffcd0a90000 - 0x00007ffcd0b2a000 	C:\WINDOWS\SYSTEM32\sxs.dll
0x00007ffcb9450000 - 0x00007ffcb94bb000 	C:\Windows\System32\OLEACC.dll
0x00007ffcb9e60000 - 0x00007ffcb9ee2000 	C:\WINDOWS\SYSTEM32\twinapi.dll
0x00007ffccf5a0000 - 0x00007ffccf710000 	C:\WINDOWS\SYSTEM32\twinapi.appcore.dll
0x00007ffcd0a60000 - 0x00007ffcd0a85000 	C:\WINDOWS\SYSTEM32\bcrypt.dll
0x0000000075cc0000 - 0x0000000075cda000 	C:\Program Files\Java\jre1.8.0_144\bin\net.dll
0x00007ffcd04e0000 - 0x00007ffcd053c000 	C:\WINDOWS\system32\mswsock.dll
0x0000000075ca0000 - 0x0000000075cb1000 	C:\Program Files\Java\jre1.8.0_144\bin\nio.dll
0x0000000075ba0000 - 0x0000000075be2000 	C:\Program Files\Java\jre1.8.0_144\bin\t2k.dll
0x0000000069340000 - 0x00000000693c5000 	C:\Users\комп\AppData\Local\Temp\sqlite-3.7.2-sqlitejdbc.dll
0x00007ffcc5fd0000 - 0x00007ffcc6179000 	C:\WINDOWS\SYSTEM32\dbghelp.dll

VM Arguments:
jvm_args: -Dfile.encoding=Cp1251 
java_command: Olymp.Form
java_class_path (initial): C:\Users\комп\workspace\Olymp\bin;C:\Users\комп\Downloads\sqlite-jdbc-3.7.2.jar;C:\Users\комп\Downloads\rs2xml.jar
Launcher Type: SUN_STANDARD

Environment Variables:
PATH=C:/Program Files/Java/jre1.8.0_144/bin/server;C:/Program Files/Java/jre1.8.0_144/bin;C:/Program Files/Java/jre1.8.0_144/lib/amd64;C:\ProgramData\Oracle\Java\javapath;C:\Python34\Lib\site-packages\PyQt5;C:\Python34\;C:\Python34\Scripts;C:\Program Files (x86)\ActiveState Komodo Edit 8\;C:\PROGRA~2\Borland\CBUILD~1\Bin;C:\PROGRA~2\Borland\CBUILD~1\Projects\Bpl;C:\Program Files (x86)\Intel\TXE Components\TCS\;C:\Program Files\Intel\TXE Components\TCS\;C:\Windows\system32;C:\Windows;C:\Windows\System32\Wbem;C:\Windows\System32\WindowsPowerShell\v1.0\;C:\Program Files\Intel\TXE Components\DAL\;C:\Program Files (x86)\Intel\TXE Components\DAL\;C:\Program Files\Intel\TXE Components\IPT\;C:\Program Files (x86)\Intel\TXE Components\IPT\;C:\Program Files (x86)\NVIDIA Corporation\PhysX\Common;C:\WINDOWS\system32;C:\WINDOWS;C:\WINDOWS\System32\Wbem;C:\WINDOWS\System32\WindowsPowerShell\v1.0\;C:\WINDOWS\system32\config\systemprofile\.dnx\bin;C:\Program Files\Microsoft DNX\Dnvm\;C:\Program Files\Microsoft SQL Server\130\Tools\Binn\;C:\Program Files (x86)\GtkSharp\2.12\bin;C:\Program Files (x86)\Brackets\command;C:\Program Files (x86)\Skype\Phone\;C:\Program Files\dotnet\;C:\Program Files\Git\cmd;C:\Program Files\MySQL\MySQL Utilities 1.6\;C:\Program Files\TortoiseSVN\bin;C:\Users\комп\Miniconda3;C:\Users\комп\Miniconda3\Scripts;C:\Users\комп\Miniconda3\Library\bin;C:\Users\комп\AppData\Local\Programs\Python\Python35-32\Scripts\;C:\Users\комп\AppData\Local\Programs\Python\Python35-32\;C:\Users\комп\AppData\Local\Microsoft\WindowsApps;;C:\Program Files\Docker Toolbox;C:\Users\комп\Downloads\eclipse;
USERNAME=комп
OS=Windows_NT
PROCESSOR_IDENTIFIER=Intel64 Family 6 Model 76 Stepping 3, GenuineIntel



---------------  S Y S T E M  ---------------

OS: Windows 10.0 , 64 bit Build 15063 (10.0.15063.296)

CPU:total 4 (initial active 4) (4 cores per cpu, 1 threads per core) family 6 model 76 stepping 3, cmov, cx8, fxsr, mmx, sse, sse2, sse3, ssse3, sse4.1, sse4.2, popcnt, aes, clmul, erms, 3dnowpref, tsc, tscinvbit

Memory: 4k page, physical 4105992k(192252k free), swap 8824584k(2903224k free)

vm_info: Java HotSpot(TM) 64-Bit Server VM (25.144-b01) for windows-amd64 JRE (1.8.0_144-b01), built on Jul 21 2017 21:57:33 by "java_re" with MS VC++ 10.0 (VS2010)

time: Fri Dec 22 07:44:19 2017
elapsed time: 3 seconds (0d 0h 0m 3s)

